<?xml version="1.0" encoding="UTF-8"?>
<!-- Generated by org.testng.reporters.JUnitReportReporter -->
<testsuite skipped="0" hostname="SWA-DHim6330" name="RoboDialer.RoboDialer.App" tests="1" failures="0" timestamp="21 Nov 2016 19:54:01 GMT" time="12.293" errors="0">
  <testcase name="test" time="12.293" classname="RoboDialer.RoboDialer.App"/>
</testsuite> <!-- RoboDialer.RoboDialer.App -->
